


ARM Macro Assembler    Page 1 


    1 00000000         ; * version   V1.0.0
    2 00000000         ; * date   2022-03-08
    3 00000000         ; * Author   RG
    4 00000000         ; * 
    5 00000000         
    6 00000000         
    7 00000000         ; Stack Configuration
    8 00000000         ; Stack Size (in Bytes) 
    9 00000000         ; ‰∏∫STACKÊï∞ÊçÆÊÆµÂàÜÈÖç‰∏ÄÊÆµ‰ª•Stack_Size‰∏∫ÈïøÂ∫¶ÁöÑ
                       ÂÜÖÂ≠òÁ©∫Èó¥ÔºåÊ†àÈ°∂Âú∞ÂùÄÊòØ_initial_sp
   10 00000000         
   11 00000000 00000200 
                       Stack_Size
                               EQU              0x00000200
   12 00000000                 AREA             STACK, NOINIT, READWRITE, ALIGN
=3
   13 00000000         Stack_Mem
                               SPACE            Stack_Size
   14 00000200         __initial_sp
   15 00000200         
   16 00000200         ; Heap Configuration
   17 00000200         ; Heap Size (in Bytes)
   18 00000200         
   19 00000200 00000100 
                       Heap_Size
                               EQU              0x00000100
   20 00000200                 AREA             HEAP, NOINIT, READWRITE, ALIGN=
3
   21 00000000         __heap_base                          ;Â†ÜÁöÑÂºÄÂßãÂú∞ÂùÄ
                                                            
   22 00000000         Heap_Mem
                               SPACE            Heap_Size
   23 00000100         __heap_limit                         ;Â†ÜÁöÑÁªìÊùüÂú∞ÂùÄ
                                                            
   24 00000100         
   25 00000100         
   26 00000100                 PRESERVE8                    ;ÊåáÂÆöÂΩìÂâçÊñá‰ª∂
                                                            ÊåâÁÖß8Â≠óËäÇÂØπÈΩê
                                                            
   27 00000100                 THUMB                        ;Ë°®Á§∫ÂêéÈù¢ÁöÑÊåá
                                                            ‰ª§ÂÖºÂÆπTHUMBÊåá‰ª
                                                            §ÈõÜ
   28 00000100         
   29 00000100         
   30 00000100         ; Vector Table Mapped to Address 0 at Rest
   31 00000100         ;EXPORT ÔºöÂ£∞Êòé‰∏Ä‰∏™Ê†áÂè∑ÂÖ∑ÊúâÂÖ®Â±ÄÂ±ûÊÄßÔºåÂèØË¢´
                       Â§ñÈÉ®ÁöÑÊñá‰ª∂‰ΩøÁî®
   32 00000100         
   33 00000100                 AREA             RESET, DATA, READONLY ;ÂºÄËæüÊï
                                                            ∞ÊçÆÊÆµÔºåÊÆµÂêçÊòØ
                                                            RESETÔºåÂè™ËØª
   34 00000000                 EXPORT           __Vectors   ;ËøûÁª≠Á©∫Èó¥ÁöÑÂºÄ
                                                            ÂßãÂú∞ÂùÄ
   35 00000000                 EXPORT           __Vectors_End ;ËøûÁª≠Á©∫Èó¥ÁöÑÁ
                                                            ªìÊùüÂú∞ÂùÄ
   36 00000000                 EXPORT           __Vectors_Size ;ËøûÁª≠Á©∫Èó¥ÁöÑ
                                                            Â§ßÂ∞è
   37 00000000         
   38 00000000 00000000 



ARM Macro Assembler    Page 2 


                       __Vectors
                               DCD              __initial_sp ; Top of Stack
   39 00000004 00000000        DCD              Reset_Handler ; Reset Handler
   40 00000008 00000000        DCD              NMI_Handler ; NMI Handler
   41 0000000C 00000000        DCD              HardFault_Handler ; Hard Fault 
                                                            Handler
   42 00000010 00000000        DCD              0           ; Reserved
   43 00000014 00000000        DCD              0           ; Reserved
   44 00000018 00000000        DCD              0           ; Reserved
   45 0000001C 00000000        DCD              0           ; Reserved
   46 00000020 00000000        DCD              0           ; Reserved
   47 00000024 00000000        DCD              0           ; Reserved
   48 00000028 00000000        DCD              0           ; Reserved
   49 0000002C 00000000        DCD              SVC_Handler ; SVCall Handler
   50 00000030 00000000        DCD              0           ; Reserved
   51 00000034 00000000        DCD              0           ; Reserved
   52 00000038 00000000        DCD              PendSV_Handler ; PendSV Handler
                                                            
   53 0000003C 00000000        DCD              SysTick_Handler 
                                                            ; SysTick Handler
   54 00000040 00000000        DCD              UARTRX0_Handler 
                                                            ; UART 0 RX Handler
                                                            
   55 00000044 00000000        DCD              UARTTX0_Handler 
                                                            ; UART 0 TX Handler
                                                            
   56 00000048 00000000        DCD              UARTRX1_Handler 
                                                            ; UART 0 RX Handler
                                                            
   57 0000004C 00000000        DCD              UARTTX1_Handler 
                                                            ; UART 0 TX Handler
                                                            
   58 00000050 00000000        DCD              PORT0_COMB_Handler ; GPIO Port 
                                                            0 Combined Handler
   59 00000054 00000000        DCD              TIMER0_Handler 
                                                            ; TIMER 0 handler
   60 00000058 00000000        DCD              TIMER1_Handler 
                                                            ; TIMER 1 handler
   61 0000005C 00000000        DCD              DUALTIMER_HANDLER ; Dual timer 
                                                            handler
   62 00000060 00000000        DCD              SPI_ALL_Handler ; Combines SPI 
                                                            Handler
   63 00000064 00000000        DCD              UARTOVF_Handler ; UART Combined
                                                             Overflow Handler
   64 00000068 00000000        DCD              PORT0_0_Handler ; GPIO Port 0 p
                                                            in 0 Handler
   65 0000006C 00000000        DCD              PORT0_1_Handler ; GPIO Port 0 p
                                                            in 1 Handler
   66 00000070 00000000        DCD              PORT0_2_Handler ; GPIO Port 0 p
                                                            in 2 Handler
   67 00000074 00000000        DCD              PORT0_3_Handler ; GPIO Port 0 p
                                                            in 3 Handler
   68 00000078 00000000        DCD              PORT0_4_Handler ; GPIO Port 0 p
                                                            in 4 Handler
   69 0000007C 00000000        DCD              PORT0_5_Handler ; GPIO Port 0 p
                                                            in 5 Handler
   70 00000080 00000000        DCD              PORT0_6_Handler ; GPIO Port 0 p
                                                            in 6 Handler
   71 00000084 00000000        DCD              PORT0_7_Handler ; GPIO Port 0 p



ARM Macro Assembler    Page 3 


                                                            in 7 Handler
   72 00000088 00000000        DCD              PORT0_8_Handler ; GPIO Port 0 p
                                                            in 8 Handler
   73 0000008C 00000000        DCD              PORT0_9_Handler ; GPIO Port 0 p
                                                            in 9 Handler
   74 00000090 00000000        DCD              PORT0_10_Handler ; GPIO Port 0 
                                                            pin 10 Handler
   75 00000094 00000000        DCD              PORT0_11_Handler ; GPIO Port 0 
                                                            pin 11 Handler
   76 00000098 00000000        DCD              PORT0_12_Handler ; GPIO Port 0 
                                                            pin 12 Handler
   77 0000009C 00000000        DCD              PORT0_13_Handler ; GPIO Port 0 
                                                            pin 13 Handler
   78 000000A0 00000000        DCD              PORT0_14_Handler ; GPIO Port 0 
                                                            pin 14 Handler
   79 000000A4 00000000        DCD              PORT0_15_Handler ; GPIO Port 0 
                                                            pin 15 Handler
   80 000000A8         __Vectors_End
   81 000000A8         
   82 000000A8 000000A8 
                       __Vectors_Size
                               EQU              __Vectors_End - __Vectors
   83 000000A8                 AREA             |.text|,CODE,READONLY
   84 00000000         
   85 00000000         
   86 00000000         ; Reset Handler (Â§ç‰Ωç‰∏≠Êñ≠ÂáΩÊï∞)
   87 00000000         ; SPÔºöÊ†àÈ°∂ÊåáÈíà„ÄÇÊ†àÁî®‰∫éÂ≠òÊîæÂ±ÄÈÉ®ÂèòÈáè„ÄÅÂáΩÊ
                       ï∞ÂΩ¢ÂèÇÂíåËøîÂõûÂÄºÔºå‰∏∫ÂáΩÊï∞ËøêË°åÁöÑÂøÖË¶ÅÊù°‰ª∂„ÄÇ
                       
   88 00000000         ; PCÔºöÁ®ãÂ∫èËÆ°Êï∞Âô®„ÄÇÁî®‰∫éËØªÂèñÁ®ãÂ∫èÊåá‰ª§„ÄÇ
   89 00000000         ; LRÔºö‰øùÂ≠òÂáΩÊï∞Ë∞ÉÁî®ÁöÑËøîÂõûÂú∞ÂùÄ„ÄÇ
   90 00000000         ; ËäØÁâá‰∏äÁîµ‰ª•ÂêéÔºåÈ¶ñÂÖàÊâßË°åÁöÑ‰æøÊòØReset_Handle
                       rÂáΩÊï∞„ÄÇ
   91 00000000         
   92 00000000         Reset_Handler
                               PROC
   93 00000000                 EXPORT           Reset_Handler             [WEAK
]
   94 00000000                 IMPORT           SystemInit  ; È¶ñÂÖàË∞ÉÁî®Syste
                                                            mInitÂáΩÊï∞Êù•ÂàùÂß
                                                            ãÂåñÁ≥ªÁªüÁöÑÂêÑÁßç
                                                            Êó∂Èíü
   95 00000000                 IMPORT           __main      ; ÁÑ∂ÂêéË∞ÉÁî®_main
                                                            ÂáΩÊï∞
   96 00000000 4808            LDR              R0, =SystemInit
   97 00000002         ; Initialise at least r8, r9 to avoid X in tests
   98 00000002         ; Only important for simulation where X can cause
   99 00000002         ; unexpected core behaviour
  100 00000002 4680            MOV              R8, R0
  101 00000004 46C1            MOV              R9, R8
  102 00000006 4780            BLX              R0
  103 00000008 4807            LDR              R0, =__main
  104 0000000A 4700            BX               R0
  105 0000000C                 ENDP
  106 0000000C         
  107 0000000C         
  108 0000000C         ; Dummy Exception Handlers (infinite loops which can be 
                       modified)
  109 0000000C         ; ÂÖ∂‰ªñ‰∏≠Êñ≠ÂºÇÂ∏∏ÊúçÂä°ÂáΩÊï∞Ôºå‰ª•ÂèäweakÂ£∞Êòé



ARM Macro Assembler    Page 4 


  110 0000000C         NMI_Handler
                               PROC
  111 0000000C                 EXPORT           NMI_Handler               [WEAK
]
  112 0000000C E7FE            B                .
  113 0000000E                 ENDP
  115 0000000E         HardFault_Handler
                               PROC
  116 0000000E                 EXPORT           HardFault_Handler         [WEAK
]
  117 0000000E E7FE            B                .
  118 00000010                 ENDP
  119 00000010         SVC_Handler
                               PROC
  120 00000010                 EXPORT           SVC_Handler               [WEAK
]
  121 00000010 E7FE            B                .
  122 00000012                 ENDP
  123 00000012         PendSV_Handler
                               PROC
  124 00000012                 EXPORT           PendSV_Handler            [WEAK
]
  125 00000012 E7FE            B                .
  126 00000014                 ENDP
  127 00000014         SysTick_Handler
                               PROC
  128 00000014                 EXPORT           SysTick_Handler            [WEA
K]
  129 00000014 E7FE            B                .
  130 00000016                 ENDP
  131 00000016         Default_Handler
                               PROC
  132 00000016                 EXPORT           UARTRX0_Handler            [WEA
K]
  133 00000016                 EXPORT           UARTTX0_Handler            [WEA
K]
  134 00000016                 EXPORT           UARTRX1_Handler            [WEA
K]
  135 00000016                 EXPORT           UARTTX1_Handler            [WEA
K]
  136 00000016                 EXPORT           UARTRX2_Handler            [WEA
K]
  137 00000016                 EXPORT           UARTTX2_Handler            [WEA
K]
  138 00000016                 EXPORT           PORT0_COMB_Handler         [WEA
K]
  139 00000016                 EXPORT           PORT1_COMB_Handler         [WEA
K]
  140 00000016                 EXPORT           TIMER0_Handler             [WEA
K]
  141 00000016                 EXPORT           TIMER1_Handler             [WEA
K]
  142 00000016                 EXPORT           DUALTIMER_HANDLER          [WEA
K]
  143 00000016                 EXPORT           SPI_ALL_Handler            [WEA
K]
  144 00000016                 EXPORT           UARTOVF_Handler            [WEA
K]
  145 00000016                 EXPORT           ETHERNET_Handler           [WEA



ARM Macro Assembler    Page 5 


K]
  146 00000016                 EXPORT           I2S_Handler                [WEA
K]
  147 00000016                 EXPORT           DMA_Handler                [WEA
K]
  148 00000016                 EXPORT           PORT0_0_Handler            [WEA
K]
  149 00000016                 EXPORT           PORT0_1_Handler            [WEA
K]
  150 00000016                 EXPORT           PORT0_2_Handler            [WEA
K]
  151 00000016                 EXPORT           PORT0_3_Handler            [WEA
K]
  152 00000016                 EXPORT           PORT0_4_Handler            [WEA
K]
  153 00000016                 EXPORT           PORT0_5_Handler            [WEA
K]
  154 00000016                 EXPORT           PORT0_6_Handler            [WEA
K]
  155 00000016                 EXPORT           PORT0_7_Handler            [WEA
K]
  156 00000016                 EXPORT           PORT0_8_Handler            [WEA
K]
  157 00000016                 EXPORT           PORT0_9_Handler            [WEA
K]
  158 00000016                 EXPORT           PORT0_10_Handler           [WEA
K]
  159 00000016                 EXPORT           PORT0_11_Handler           [WEA
K]
  160 00000016                 EXPORT           PORT0_12_Handler           [WEA
K]
  161 00000016                 EXPORT           PORT0_13_Handler           [WEA
K]
  162 00000016                 EXPORT           PORT0_14_Handler           [WEA
K]
  163 00000016                 EXPORT           PORT0_15_Handler           [WEA
K]
  164 00000016         UARTRX0_Handler
  165 00000016         UARTTX0_Handler
  166 00000016         UARTRX1_Handler
  167 00000016         UARTTX1_Handler
  168 00000016         UARTRX2_Handler
  169 00000016         UARTTX2_Handler
  170 00000016         PORT0_COMB_Handler
  171 00000016         PORT1_COMB_Handler
  172 00000016         TIMER0_Handler
  173 00000016         TIMER1_Handler
  174 00000016         DUALTIMER_HANDLER
  175 00000016         SPI_ALL_Handler
  176 00000016         UARTOVF_Handler
  177 00000016         ETHERNET_Handler
  178 00000016         I2S_Handler
  179 00000016         DMA_Handler
  180 00000016         PORT0_0_Handler
  181 00000016         PORT0_1_Handler
  182 00000016         PORT0_2_Handler
  183 00000016         PORT0_3_Handler
  184 00000016         PORT0_4_Handler
  185 00000016         PORT0_5_Handler



ARM Macro Assembler    Page 6 


  186 00000016         PORT0_6_Handler
  187 00000016         PORT0_7_Handler
  188 00000016         PORT0_8_Handler
  189 00000016         PORT0_9_Handler
  190 00000016         PORT0_10_Handler
  191 00000016         PORT0_11_Handler
  192 00000016         PORT0_12_Handler
  193 00000016         PORT0_13_Handler
  194 00000016         PORT0_14_Handler
  195 00000016         PORT0_15_Handler
  196 00000016 E7FE            B                .
  197 00000018                 ENDP
  198 00000018         
  199 00000018         
  200 00000018                 ALIGN
  201 00000018         
  202 00000018         
  203 00000018         ; User Initial Stack & Heap
  204 00000018         ; Â∞ÜÂ†ÜÊ†àÂú∞ÂùÄ‰º†ÈÄíÁªôÂ∫ìÂáΩÊï∞
  205 00000018         ; Âú®‰∏äÈù¢Ê≠•È™§‰∏≠ÔºåË∞ÉÁî®‰∫Ü_mainÂáΩÊï∞ÔºåÁÑ∂Âêé_mai
                       nÂáΩÊï∞Ë∞ÉÁî®Â∫ìÂáΩÊï∞ÂàùÂßãÂåñÂ†ÜÊ†àÔºå‰ΩÜÂ∫ìÂáΩÊï∞Âπ∂‰
                       ∏çÁü•ÈÅìÂ†ÜÊ†àÁöÑÂ§ßÂ∞è
  206 00000018         ; Âõ†Ê≠§ÈúÄË¶Å‰º†ÈÄíÂèÇÊï∞ÊàñÂ£∞ÊòéÊ†áÂè∑
  207 00000018         
  208 00000018                 IF               :DEF:__MICROLIB ; Êù°‰ª∂ÁºñËØëÈ
                                                            ÄâÈ°πÔºå_MICROLIB
  215 00000018         
  216 00000018                 IMPORT           __use_two_region_memory
  217 00000018                 EXPORT           __user_initial_stackheap
  218 00000018         
  219 00000018         __user_initial_stackheap
                               PROC
  220 00000018 4804            LDR              R0, =  Heap_Mem
  221 0000001A 4905            LDR              R1, =(Stack_Mem + Stack_Size)
  222 0000001C 4A05            LDR              R2, = (Heap_Mem +  Heap_Size)
  223 0000001E 4B06            LDR              R3, = Stack_Mem
  224 00000020 4770            BX               LR
  225 00000022                 ENDP
  226 00000022         
  227 00000022 00 00           ALIGN
  228 00000024         
  229 00000024                 ENDIF
  230 00000024         
  231 00000024         
  232 00000024                 END
              00000000 
              00000000 
              00000000 
              00000200 
              00000100 
              00000000 
Command Line: --debug --xref --diag_suppress=9931 --cpu=Cortex-M0 --apcs=interw
ork --depend=.\objects\startup_meteo.d -o.\objects\startup_meteo.o -I..\cmsis\D
evice\meteo\Include -I.\RTE\_Target_1 -ID:\SOFTWARE_PRUDUCT\MDKARM\Packs\ARM\CM
SIS\5.9.0\CMSIS\Core\Include -ID:\SOFTWARE_PRUDUCT\MDKARM\Packs\ARM\CMSIS\5.9.0
\Device\ARM\ARMCM0\Include --predefine="__UVISION_VERSION SETA 537" --predefine
="_RTE_ SETA 1" --predefine="ARMCM0 SETA 1" --predefine="_RTE_ SETA 1" --list=.
\listings\startup_meteo.lst ..\cmsis\Device\meteo\Include\startup_meteo.s



ARM Macro Assembler    Page 1 Alphabetic symbol ordering
Relocatable symbols

STACK 00000000

Symbol: STACK
   Definitions
      At line 12 in file ..\cmsis\Device\meteo\Include\startup_meteo.s
   Uses
      None
Comment: STACK unused
Stack_Mem 00000000

Symbol: Stack_Mem
   Definitions
      At line 13 in file ..\cmsis\Device\meteo\Include\startup_meteo.s
   Uses
      At line 221 in file ..\cmsis\Device\meteo\Include\startup_meteo.s
      At line 223 in file ..\cmsis\Device\meteo\Include\startup_meteo.s

__initial_sp 00000200

Symbol: __initial_sp
   Definitions
      At line 14 in file ..\cmsis\Device\meteo\Include\startup_meteo.s
   Uses
      At line 38 in file ..\cmsis\Device\meteo\Include\startup_meteo.s
Comment: __initial_sp used once
3 symbols



ARM Macro Assembler    Page 1 Alphabetic symbol ordering
Relocatable symbols

HEAP 00000000

Symbol: HEAP
   Definitions
      At line 20 in file ..\cmsis\Device\meteo\Include\startup_meteo.s
   Uses
      None
Comment: HEAP unused
Heap_Mem 00000000

Symbol: Heap_Mem
   Definitions
      At line 22 in file ..\cmsis\Device\meteo\Include\startup_meteo.s
   Uses
      At line 220 in file ..\cmsis\Device\meteo\Include\startup_meteo.s
      At line 222 in file ..\cmsis\Device\meteo\Include\startup_meteo.s

__heap_base 00000000

Symbol: __heap_base
   Definitions
      At line 21 in file ..\cmsis\Device\meteo\Include\startup_meteo.s
   Uses
      None
Comment: __heap_base unused
__heap_limit 00000100

Symbol: __heap_limit
   Definitions
      At line 23 in file ..\cmsis\Device\meteo\Include\startup_meteo.s
   Uses
      None
Comment: __heap_limit unused
4 symbols



ARM Macro Assembler    Page 1 Alphabetic symbol ordering
Relocatable symbols

RESET 00000000

Symbol: RESET
   Definitions
      At line 33 in file ..\cmsis\Device\meteo\Include\startup_meteo.s
   Uses
      None
Comment: RESET unused
__Vectors 00000000

Symbol: __Vectors
   Definitions
      At line 38 in file ..\cmsis\Device\meteo\Include\startup_meteo.s
   Uses
      At line 34 in file ..\cmsis\Device\meteo\Include\startup_meteo.s
      At line 82 in file ..\cmsis\Device\meteo\Include\startup_meteo.s

__Vectors_End 000000A8

Symbol: __Vectors_End
   Definitions
      At line 80 in file ..\cmsis\Device\meteo\Include\startup_meteo.s
   Uses
      At line 35 in file ..\cmsis\Device\meteo\Include\startup_meteo.s
      At line 82 in file ..\cmsis\Device\meteo\Include\startup_meteo.s

3 symbols



ARM Macro Assembler    Page 1 Alphabetic symbol ordering
Relocatable symbols

.text 00000000

Symbol: .text
   Definitions
      At line 83 in file ..\cmsis\Device\meteo\Include\startup_meteo.s
   Uses
      None
Comment: .text unused
DMA_Handler 00000016

Symbol: DMA_Handler
   Definitions
      At line 179 in file ..\cmsis\Device\meteo\Include\startup_meteo.s
   Uses
      At line 147 in file ..\cmsis\Device\meteo\Include\startup_meteo.s
Comment: DMA_Handler used once
DUALTIMER_HANDLER 00000016

Symbol: DUALTIMER_HANDLER
   Definitions
      At line 174 in file ..\cmsis\Device\meteo\Include\startup_meteo.s
   Uses
      At line 61 in file ..\cmsis\Device\meteo\Include\startup_meteo.s
      At line 142 in file ..\cmsis\Device\meteo\Include\startup_meteo.s

Default_Handler 00000016

Symbol: Default_Handler
   Definitions
      At line 131 in file ..\cmsis\Device\meteo\Include\startup_meteo.s
   Uses
      None
Comment: Default_Handler unused
ETHERNET_Handler 00000016

Symbol: ETHERNET_Handler
   Definitions
      At line 177 in file ..\cmsis\Device\meteo\Include\startup_meteo.s
   Uses
      At line 145 in file ..\cmsis\Device\meteo\Include\startup_meteo.s
Comment: ETHERNET_Handler used once
HardFault_Handler 0000000E

Symbol: HardFault_Handler
   Definitions
      At line 115 in file ..\cmsis\Device\meteo\Include\startup_meteo.s
   Uses
      At line 41 in file ..\cmsis\Device\meteo\Include\startup_meteo.s
      At line 116 in file ..\cmsis\Device\meteo\Include\startup_meteo.s

I2S_Handler 00000016

Symbol: I2S_Handler
   Definitions
      At line 178 in file ..\cmsis\Device\meteo\Include\startup_meteo.s
   Uses
      At line 146 in file ..\cmsis\Device\meteo\Include\startup_meteo.s
Comment: I2S_Handler used once
NMI_Handler 0000000C



ARM Macro Assembler    Page 2 Alphabetic symbol ordering
Relocatable symbols


Symbol: NMI_Handler
   Definitions
      At line 110 in file ..\cmsis\Device\meteo\Include\startup_meteo.s
   Uses
      At line 40 in file ..\cmsis\Device\meteo\Include\startup_meteo.s
      At line 111 in file ..\cmsis\Device\meteo\Include\startup_meteo.s

PORT0_0_Handler 00000016

Symbol: PORT0_0_Handler
   Definitions
      At line 180 in file ..\cmsis\Device\meteo\Include\startup_meteo.s
   Uses
      At line 64 in file ..\cmsis\Device\meteo\Include\startup_meteo.s
      At line 148 in file ..\cmsis\Device\meteo\Include\startup_meteo.s

PORT0_10_Handler 00000016

Symbol: PORT0_10_Handler
   Definitions
      At line 190 in file ..\cmsis\Device\meteo\Include\startup_meteo.s
   Uses
      At line 74 in file ..\cmsis\Device\meteo\Include\startup_meteo.s
      At line 158 in file ..\cmsis\Device\meteo\Include\startup_meteo.s

PORT0_11_Handler 00000016

Symbol: PORT0_11_Handler
   Definitions
      At line 191 in file ..\cmsis\Device\meteo\Include\startup_meteo.s
   Uses
      At line 75 in file ..\cmsis\Device\meteo\Include\startup_meteo.s
      At line 159 in file ..\cmsis\Device\meteo\Include\startup_meteo.s

PORT0_12_Handler 00000016

Symbol: PORT0_12_Handler
   Definitions
      At line 192 in file ..\cmsis\Device\meteo\Include\startup_meteo.s
   Uses
      At line 76 in file ..\cmsis\Device\meteo\Include\startup_meteo.s
      At line 160 in file ..\cmsis\Device\meteo\Include\startup_meteo.s

PORT0_13_Handler 00000016

Symbol: PORT0_13_Handler
   Definitions
      At line 193 in file ..\cmsis\Device\meteo\Include\startup_meteo.s
   Uses
      At line 77 in file ..\cmsis\Device\meteo\Include\startup_meteo.s
      At line 161 in file ..\cmsis\Device\meteo\Include\startup_meteo.s

PORT0_14_Handler 00000016

Symbol: PORT0_14_Handler
   Definitions
      At line 194 in file ..\cmsis\Device\meteo\Include\startup_meteo.s
   Uses



ARM Macro Assembler    Page 3 Alphabetic symbol ordering
Relocatable symbols

      At line 78 in file ..\cmsis\Device\meteo\Include\startup_meteo.s
      At line 162 in file ..\cmsis\Device\meteo\Include\startup_meteo.s

PORT0_15_Handler 00000016

Symbol: PORT0_15_Handler
   Definitions
      At line 195 in file ..\cmsis\Device\meteo\Include\startup_meteo.s
   Uses
      At line 79 in file ..\cmsis\Device\meteo\Include\startup_meteo.s
      At line 163 in file ..\cmsis\Device\meteo\Include\startup_meteo.s

PORT0_1_Handler 00000016

Symbol: PORT0_1_Handler
   Definitions
      At line 181 in file ..\cmsis\Device\meteo\Include\startup_meteo.s
   Uses
      At line 65 in file ..\cmsis\Device\meteo\Include\startup_meteo.s
      At line 149 in file ..\cmsis\Device\meteo\Include\startup_meteo.s

PORT0_2_Handler 00000016

Symbol: PORT0_2_Handler
   Definitions
      At line 182 in file ..\cmsis\Device\meteo\Include\startup_meteo.s
   Uses
      At line 66 in file ..\cmsis\Device\meteo\Include\startup_meteo.s
      At line 150 in file ..\cmsis\Device\meteo\Include\startup_meteo.s

PORT0_3_Handler 00000016

Symbol: PORT0_3_Handler
   Definitions
      At line 183 in file ..\cmsis\Device\meteo\Include\startup_meteo.s
   Uses
      At line 67 in file ..\cmsis\Device\meteo\Include\startup_meteo.s
      At line 151 in file ..\cmsis\Device\meteo\Include\startup_meteo.s

PORT0_4_Handler 00000016

Symbol: PORT0_4_Handler
   Definitions
      At line 184 in file ..\cmsis\Device\meteo\Include\startup_meteo.s
   Uses
      At line 68 in file ..\cmsis\Device\meteo\Include\startup_meteo.s
      At line 152 in file ..\cmsis\Device\meteo\Include\startup_meteo.s

PORT0_5_Handler 00000016

Symbol: PORT0_5_Handler
   Definitions
      At line 185 in file ..\cmsis\Device\meteo\Include\startup_meteo.s
   Uses
      At line 69 in file ..\cmsis\Device\meteo\Include\startup_meteo.s
      At line 153 in file ..\cmsis\Device\meteo\Include\startup_meteo.s

PORT0_6_Handler 00000016




ARM Macro Assembler    Page 4 Alphabetic symbol ordering
Relocatable symbols

Symbol: PORT0_6_Handler
   Definitions
      At line 186 in file ..\cmsis\Device\meteo\Include\startup_meteo.s
   Uses
      At line 70 in file ..\cmsis\Device\meteo\Include\startup_meteo.s
      At line 154 in file ..\cmsis\Device\meteo\Include\startup_meteo.s

PORT0_7_Handler 00000016

Symbol: PORT0_7_Handler
   Definitions
      At line 187 in file ..\cmsis\Device\meteo\Include\startup_meteo.s
   Uses
      At line 71 in file ..\cmsis\Device\meteo\Include\startup_meteo.s
      At line 155 in file ..\cmsis\Device\meteo\Include\startup_meteo.s

PORT0_8_Handler 00000016

Symbol: PORT0_8_Handler
   Definitions
      At line 188 in file ..\cmsis\Device\meteo\Include\startup_meteo.s
   Uses
      At line 72 in file ..\cmsis\Device\meteo\Include\startup_meteo.s
      At line 156 in file ..\cmsis\Device\meteo\Include\startup_meteo.s

PORT0_9_Handler 00000016

Symbol: PORT0_9_Handler
   Definitions
      At line 189 in file ..\cmsis\Device\meteo\Include\startup_meteo.s
   Uses
      At line 73 in file ..\cmsis\Device\meteo\Include\startup_meteo.s
      At line 157 in file ..\cmsis\Device\meteo\Include\startup_meteo.s

PORT0_COMB_Handler 00000016

Symbol: PORT0_COMB_Handler
   Definitions
      At line 170 in file ..\cmsis\Device\meteo\Include\startup_meteo.s
   Uses
      At line 58 in file ..\cmsis\Device\meteo\Include\startup_meteo.s
      At line 138 in file ..\cmsis\Device\meteo\Include\startup_meteo.s

PORT1_COMB_Handler 00000016

Symbol: PORT1_COMB_Handler
   Definitions
      At line 171 in file ..\cmsis\Device\meteo\Include\startup_meteo.s
   Uses
      At line 139 in file ..\cmsis\Device\meteo\Include\startup_meteo.s
Comment: PORT1_COMB_Handler used once
PendSV_Handler 00000012

Symbol: PendSV_Handler
   Definitions
      At line 123 in file ..\cmsis\Device\meteo\Include\startup_meteo.s
   Uses
      At line 52 in file ..\cmsis\Device\meteo\Include\startup_meteo.s
      At line 124 in file ..\cmsis\Device\meteo\Include\startup_meteo.s



ARM Macro Assembler    Page 5 Alphabetic symbol ordering
Relocatable symbols


Reset_Handler 00000000

Symbol: Reset_Handler
   Definitions
      At line 92 in file ..\cmsis\Device\meteo\Include\startup_meteo.s
   Uses
      At line 39 in file ..\cmsis\Device\meteo\Include\startup_meteo.s
      At line 93 in file ..\cmsis\Device\meteo\Include\startup_meteo.s

SPI_ALL_Handler 00000016

Symbol: SPI_ALL_Handler
   Definitions
      At line 175 in file ..\cmsis\Device\meteo\Include\startup_meteo.s
   Uses
      At line 62 in file ..\cmsis\Device\meteo\Include\startup_meteo.s
      At line 143 in file ..\cmsis\Device\meteo\Include\startup_meteo.s

SVC_Handler 00000010

Symbol: SVC_Handler
   Definitions
      At line 119 in file ..\cmsis\Device\meteo\Include\startup_meteo.s
   Uses
      At line 49 in file ..\cmsis\Device\meteo\Include\startup_meteo.s
      At line 120 in file ..\cmsis\Device\meteo\Include\startup_meteo.s

SysTick_Handler 00000014

Symbol: SysTick_Handler
   Definitions
      At line 127 in file ..\cmsis\Device\meteo\Include\startup_meteo.s
   Uses
      At line 53 in file ..\cmsis\Device\meteo\Include\startup_meteo.s
      At line 128 in file ..\cmsis\Device\meteo\Include\startup_meteo.s

TIMER0_Handler 00000016

Symbol: TIMER0_Handler
   Definitions
      At line 172 in file ..\cmsis\Device\meteo\Include\startup_meteo.s
   Uses
      At line 59 in file ..\cmsis\Device\meteo\Include\startup_meteo.s
      At line 140 in file ..\cmsis\Device\meteo\Include\startup_meteo.s

TIMER1_Handler 00000016

Symbol: TIMER1_Handler
   Definitions
      At line 173 in file ..\cmsis\Device\meteo\Include\startup_meteo.s
   Uses
      At line 60 in file ..\cmsis\Device\meteo\Include\startup_meteo.s
      At line 141 in file ..\cmsis\Device\meteo\Include\startup_meteo.s

UARTOVF_Handler 00000016

Symbol: UARTOVF_Handler
   Definitions



ARM Macro Assembler    Page 6 Alphabetic symbol ordering
Relocatable symbols

      At line 176 in file ..\cmsis\Device\meteo\Include\startup_meteo.s
   Uses
      At line 63 in file ..\cmsis\Device\meteo\Include\startup_meteo.s
      At line 144 in file ..\cmsis\Device\meteo\Include\startup_meteo.s

UARTRX0_Handler 00000016

Symbol: UARTRX0_Handler
   Definitions
      At line 164 in file ..\cmsis\Device\meteo\Include\startup_meteo.s
   Uses
      At line 54 in file ..\cmsis\Device\meteo\Include\startup_meteo.s
      At line 132 in file ..\cmsis\Device\meteo\Include\startup_meteo.s

UARTRX1_Handler 00000016

Symbol: UARTRX1_Handler
   Definitions
      At line 166 in file ..\cmsis\Device\meteo\Include\startup_meteo.s
   Uses
      At line 56 in file ..\cmsis\Device\meteo\Include\startup_meteo.s
      At line 134 in file ..\cmsis\Device\meteo\Include\startup_meteo.s

UARTRX2_Handler 00000016

Symbol: UARTRX2_Handler
   Definitions
      At line 168 in file ..\cmsis\Device\meteo\Include\startup_meteo.s
   Uses
      At line 136 in file ..\cmsis\Device\meteo\Include\startup_meteo.s
Comment: UARTRX2_Handler used once
UARTTX0_Handler 00000016

Symbol: UARTTX0_Handler
   Definitions
      At line 165 in file ..\cmsis\Device\meteo\Include\startup_meteo.s
   Uses
      At line 55 in file ..\cmsis\Device\meteo\Include\startup_meteo.s
      At line 133 in file ..\cmsis\Device\meteo\Include\startup_meteo.s

UARTTX1_Handler 00000016

Symbol: UARTTX1_Handler
   Definitions
      At line 167 in file ..\cmsis\Device\meteo\Include\startup_meteo.s
   Uses
      At line 57 in file ..\cmsis\Device\meteo\Include\startup_meteo.s
      At line 135 in file ..\cmsis\Device\meteo\Include\startup_meteo.s

UARTTX2_Handler 00000016

Symbol: UARTTX2_Handler
   Definitions
      At line 169 in file ..\cmsis\Device\meteo\Include\startup_meteo.s
   Uses
      At line 137 in file ..\cmsis\Device\meteo\Include\startup_meteo.s
Comment: UARTTX2_Handler used once
__user_initial_stackheap 00000018




ARM Macro Assembler    Page 7 Alphabetic symbol ordering
Relocatable symbols

Symbol: __user_initial_stackheap
   Definitions
      At line 219 in file ..\cmsis\Device\meteo\Include\startup_meteo.s
   Uses
      At line 217 in file ..\cmsis\Device\meteo\Include\startup_meteo.s
Comment: __user_initial_stackheap used once
41 symbols



ARM Macro Assembler    Page 1 Alphabetic symbol ordering
Absolute symbols

Heap_Size 00000100

Symbol: Heap_Size
   Definitions
      At line 19 in file ..\cmsis\Device\meteo\Include\startup_meteo.s
   Uses
      At line 22 in file ..\cmsis\Device\meteo\Include\startup_meteo.s
      At line 222 in file ..\cmsis\Device\meteo\Include\startup_meteo.s

Stack_Size 00000200

Symbol: Stack_Size
   Definitions
      At line 11 in file ..\cmsis\Device\meteo\Include\startup_meteo.s
   Uses
      At line 13 in file ..\cmsis\Device\meteo\Include\startup_meteo.s
      At line 221 in file ..\cmsis\Device\meteo\Include\startup_meteo.s

__Vectors_Size 000000A8

Symbol: __Vectors_Size
   Definitions
      At line 82 in file ..\cmsis\Device\meteo\Include\startup_meteo.s
   Uses
      At line 36 in file ..\cmsis\Device\meteo\Include\startup_meteo.s
Comment: __Vectors_Size used once
3 symbols



ARM Macro Assembler    Page 1 Alphabetic symbol ordering
External symbols

SystemInit 00000000

Symbol: SystemInit
   Definitions
      At line 94 in file ..\cmsis\Device\meteo\Include\startup_meteo.s
   Uses
      At line 96 in file ..\cmsis\Device\meteo\Include\startup_meteo.s
Comment: SystemInit used once
__main 00000000

Symbol: __main
   Definitions
      At line 95 in file ..\cmsis\Device\meteo\Include\startup_meteo.s
   Uses
      At line 103 in file ..\cmsis\Device\meteo\Include\startup_meteo.s
Comment: __main used once
__use_two_region_memory 00000000

Symbol: __use_two_region_memory
   Definitions
      At line 216 in file ..\cmsis\Device\meteo\Include\startup_meteo.s
   Uses
      None
Comment: __use_two_region_memory unused
3 symbols
394 symbols in table
